[2026-03-28 17:46:04] INFO     test — Logger works
[2026-03-28 17:47:30] INFO     load_nslkdd — Loading ARFF file: D:\behavioural-security-layer\data\raw\nslkdd\KDDTrain+.arff
[2026-03-28 17:56:32] INFO     load_nslkdd — Loading ARFF file: D:\behavioural-security-layer\data\raw\nslkdd\KDDTrain+.arff
[2026-03-28 17:58:13] INFO     load_nslkdd — Loading ARFF file: D:\behavioural-security-layer\data\raw\nslkdd\KDDTrain+.arff
[2026-03-28 17:58:14] INFO     load_nslkdd — Loaded 125,973 rows, 42 columns
[2026-03-28 17:58:14] WARNING  load_nslkdd — Column count mismatch: got 42, expected 43. Skipping rename.
[2026-03-28 17:59:40] INFO     load_nslkdd — Loading ARFF file: D:\behavioural-security-layer\data\raw\nslkdd\KDDTrain+.arff
[2026-03-28 17:59:41] INFO     load_nslkdd — Loaded 125,973 rows, 42 columns
[2026-03-28 17:59:41] WARNING  load_nslkdd — Column count mismatch: got 42, expected 43. Skipping rename.
[2026-03-28 17:59:50] INFO     load_nslkdd — Loading ARFF file: D:\behavioural-security-layer\data\raw\nslkdd\KDDTrain+.arff
[2026-03-28 17:59:52] INFO     load_nslkdd — Loaded 125,973 rows, 42 columns
[2026-03-28 17:59:52] WARNING  load_nslkdd — Column count mismatch: got 42, expected 43. Skipping rename.
[2026-03-28 18:00:57] INFO     load_nslkdd — Loading ARFF file: D:\behavioural-security-layer\data\raw\nslkdd\KDDTrain+.arff
[2026-03-28 18:00:58] INFO     load_nslkdd — Loaded 125,973 rows, 42 columns
[2026-03-28 18:00:58] WARNING  load_nslkdd — 58630 rows have unrecognised labels — setting to 1 (attack)
[2026-03-28 18:01:00] INFO     load_nslkdd — Label distribution:
label_binary
0    67343
1    58630
[2026-03-28 18:01:00] INFO     load_nslkdd — Attack types found: ['anomaly', 'normal']
[2026-03-28 18:01:00] INFO     load_nslkdd — Loading ARFF file: D:\behavioural-security-layer\data\raw\nslkdd\KDDTest+.arff
[2026-03-28 18:01:00] INFO     load_nslkdd — Loaded 22,544 rows, 42 columns
[2026-03-28 18:01:00] WARNING  load_nslkdd — 12833 rows have unrecognised labels — setting to 1 (attack)
[2026-03-28 18:01:01] INFO     load_nslkdd — Label distribution:
label_binary
1    12833
0     9711
[2026-03-28 18:01:01] INFO     load_nslkdd — Attack types found: ['anomaly', 'normal']
[2026-03-28 18:03:56] INFO     load_nslkdd — Loading ARFF file: D:\behavioural-security-layer\data\raw\nslkdd\KDDTrain+.arff
[2026-03-28 18:03:57] INFO     load_nslkdd — Loaded 125,973 rows, 42 columns
[2026-03-28 18:03:59] INFO     load_nslkdd — Saved interim file -> D:\behavioural-security-layer\data\interim\nslkdd_train.csv
[2026-03-28 18:03:59] INFO     load_nslkdd — Label distribution:
label_binary
0    67343
1    58630
[2026-03-28 18:03:59] INFO     load_nslkdd — Attack types found: ['anomaly', 'normal']
[2026-03-28 18:03:59] INFO     load_nslkdd — Loading ARFF file: D:\behavioural-security-layer\data\raw\nslkdd\KDDTest+.arff
[2026-03-28 18:03:59] INFO     load_nslkdd — Loaded 22,544 rows, 42 columns
[2026-03-28 18:03:59] INFO     load_nslkdd — Saved interim file -> D:\behavioural-security-layer\data\interim\nslkdd_test.csv
[2026-03-28 18:03:59] INFO     load_nslkdd — Label distribution:
label_binary
1    12833
0     9711
[2026-03-28 18:03:59] INFO     load_nslkdd — Attack types found: ['anomaly', 'normal']
[2026-03-28 18:05:22] INFO     cleaner — Reading D:\behavioural-security-layer\data\interim\nslkdd_train.csv
[2026-03-28 18:05:22] INFO     cleaner — --- Cleaning train split (125,973 rows) ---
[2026-03-28 18:05:22] INFO     cleaner — Fixing dtypes...
[2026-03-28 18:05:23] INFO     cleaner — No null values found.
[2026-03-28 18:05:23] INFO     cleaner — Dropped columns: ['label', 'attack_type']
[2026-03-28 18:05:23] INFO     cleaner — Final shape: (125973, 42)
[2026-03-28 18:05:23] INFO     cleaner — Columns: ['duration', 'protocol_type', 'service', 'flag', 'src_bytes', 'dst_bytes', 'land', 'wrong_fragment', 'urgent', 'hot', 'num_failed_logins', 'logged_in', 'num_compromised', 'root_shell', 'su_attempted', 'num_root', 'num_file_creations', 'num_shells', 'num_access_files', 'num_outbound_cmds', 'is_host_login', 'is_guest_login', 'count', 'srv_count', 'serror_rate', 'srv_serror_rate', 'rerror_rate', 'srv_rerror_rate', 'same_srv_rate', 'diff_srv_rate', 'srv_diff_host_rate', 'dst_host_count', 'dst_host_srv_count', 'dst_host_same_srv_rate', 'dst_host_diff_srv_rate', 'dst_host_same_src_port_rate', 'dst_host_srv_diff_host_rate', 'dst_host_serror_rate', 'dst_host_srv_serror_rate', 'dst_host_rerror_rate', 'dst_host_srv_rerror_rate', 'label_binary']
[2026-03-28 18:05:23] INFO     cleaner — Dtypes:
duration                         int64
protocol_type                      str
service                            str
flag                               str
src_bytes                        int64
dst_bytes                        int64
land                             int64
wrong_fragment                   int64
urgent                           int64
hot                              int64
num_failed_logins                int64
logged_in                        int64
num_compromised                  int64
root_shell                       int64
su_attempted                     int64
num_root                         int64
num_file_creations               int64
num_shells                       int64
num_access_files                 int64
num_outbound_cmds                int64
is_host_login                    int64
is_guest_login                   int64
count                            int64
srv_count                        int64
serror_rate                    float64
srv_serror_rate                float64
rerror_rate                    float64
srv_rerror_rate                float64
same_srv_rate                  float64
diff_srv_rate                  float64
srv_diff_host_rate             float64
dst_host_count                   int64
dst_host_srv_count               int64
dst_host_same_srv_rate         float64
dst_host_diff_srv_rate         float64
dst_host_same_src_port_rate    float64
dst_host_srv_diff_host_rate    float64
dst_host_serror_rate           float64
dst_host_srv_serror_rate       float64
dst_host_rerror_rate           float64
dst_host_srv_rerror_rate       float64
label_binary                     int64
[2026-03-28 18:05:26] INFO     cleaner — Saved cleaned file -> D:\behavioural-security-layer\data\processed\nslkdd_train_clean.csv
[2026-03-28 18:05:26] INFO     cleaner — Reading D:\behavioural-security-layer\data\interim\nslkdd_test.csv
[2026-03-28 18:05:26] INFO     cleaner — --- Cleaning test split (22,544 rows) ---
[2026-03-28 18:05:26] INFO     cleaner — Fixing dtypes...
[2026-03-28 18:05:26] INFO     cleaner — No null values found.
[2026-03-28 18:05:26] INFO     cleaner — Dropped columns: ['label', 'attack_type']
[2026-03-28 18:05:26] INFO     cleaner — Final shape: (22544, 42)
[2026-03-28 18:05:26] INFO     cleaner — Columns: ['duration', 'protocol_type', 'service', 'flag', 'src_bytes', 'dst_bytes', 'land', 'wrong_fragment', 'urgent', 'hot', 'num_failed_logins', 'logged_in', 'num_compromised', 'root_shell', 'su_attempted', 'num_root', 'num_file_creations', 'num_shells', 'num_access_files', 'num_outbound_cmds', 'is_host_login', 'is_guest_login', 'count', 'srv_count', 'serror_rate', 'srv_serror_rate', 'rerror_rate', 'srv_rerror_rate', 'same_srv_rate', 'diff_srv_rate', 'srv_diff_host_rate', 'dst_host_count', 'dst_host_srv_count', 'dst_host_same_srv_rate', 'dst_host_diff_srv_rate', 'dst_host_same_src_port_rate', 'dst_host_srv_diff_host_rate', 'dst_host_serror_rate', 'dst_host_srv_serror_rate', 'dst_host_rerror_rate', 'dst_host_srv_rerror_rate', 'label_binary']
[2026-03-28 18:05:26] INFO     cleaner — Dtypes:
duration                         int64
protocol_type                      str
service                            str
flag                               str
src_bytes                        int64
dst_bytes                        int64
land                             int64
wrong_fragment                   int64
urgent                           int64
hot                              int64
num_failed_logins                int64
logged_in                        int64
num_compromised                  int64
root_shell                       int64
su_attempted                     int64
num_root                         int64
num_file_creations               int64
num_shells                       int64
num_access_files                 int64
num_outbound_cmds                int64
is_host_login                    int64
is_guest_login                   int64
count                            int64
srv_count                        int64
serror_rate                    float64
srv_serror_rate                float64
rerror_rate                    float64
srv_rerror_rate                float64
same_srv_rate                  float64
diff_srv_rate                  float64
srv_diff_host_rate             float64
dst_host_count                   int64
dst_host_srv_count               int64
dst_host_same_srv_rate         float64
dst_host_diff_srv_rate         float64
dst_host_same_src_port_rate    float64
dst_host_srv_diff_host_rate    float64
dst_host_serror_rate           float64
dst_host_srv_serror_rate       float64
dst_host_rerror_rate           float64
dst_host_srv_rerror_rate       float64
label_binary                     int64
[2026-03-28 18:05:27] INFO     cleaner — Saved cleaned file -> D:\behavioural-security-layer\data\processed\nslkdd_test_clean.csv
[2026-03-28 18:06:39] INFO     validator — Loading D:\behavioural-security-layer\data\processed\nslkdd_train_clean.csv
[2026-03-28 18:06:39] INFO     validator — [train] Running validation on 125,973 rows...
[2026-03-28 18:06:39] INFO     validator — Required columns check: PASSED
[2026-03-28 18:06:39] INFO     validator — Null check: PASSED
[2026-03-28 18:06:39] INFO     validator — Label integrity check: PASSED — distribution: {0: 67343, 1: 58630}
[2026-03-28 18:06:39] INFO     validator — Non-negative check: PASSED
[2026-03-28 18:06:39] INFO     validator — [train] All validation checks PASSED
[2026-03-28 18:06:39] INFO     validator — Loading D:\behavioural-security-layer\data\processed\nslkdd_test_clean.csv
[2026-03-28 18:06:39] INFO     validator — [test] Running validation on 22,544 rows...
[2026-03-28 18:06:39] INFO     validator — Required columns check: PASSED
[2026-03-28 18:06:39] INFO     validator — Null check: PASSED
[2026-03-28 18:06:39] INFO     validator — Label integrity check: PASSED — distribution: {1: 12833, 0: 9711}
[2026-03-28 18:06:39] INFO     validator — Non-negative check: PASSED
[2026-03-28 18:06:39] INFO     validator — [test] All validation checks PASSED
[2026-03-28 18:25:28] INFO     network_features — Building network features on 125,973 rows...
[2026-03-28 18:25:29] INFO     network_features — Encoded 'protocol_type' -> 3 unique values
[2026-03-28 18:25:29] INFO     network_features — Encoded 'service' -> 70 unique values
[2026-03-28 18:25:29] INFO     network_features — Encoded 'flag' -> 11 unique values
[2026-03-28 18:25:29] INFO     network_features — Computed bytes_ratio
[2026-03-28 18:25:29] INFO     network_features — Computed is_large_transfer (threshold=10000.0) — 1.9% of connections flagged
[2026-03-28 18:25:29] INFO     network_features — Computed connection_rate
[2026-03-28 18:25:29] INFO     network_features — Network features added: ['bytes_ratio', 'is_large_transfer', 'connection_rate']
[2026-03-28 18:25:29] INFO     network_features — Building network features on 22,544 rows...
[2026-03-28 18:25:29] INFO     network_features — Encoded 'protocol_type' -> 3 unique values
[2026-03-28 18:25:29] INFO     network_features — Encoded 'service' -> 64 unique values
[2026-03-28 18:25:29] INFO     network_features — Encoded 'flag' -> 11 unique values
[2026-03-28 18:25:29] INFO     network_features — Computed bytes_ratio
[2026-03-28 18:25:29] INFO     network_features — Computed is_large_transfer (threshold=10000.0) — 5.2% of connections flagged
[2026-03-28 18:25:29] INFO     network_features — Computed connection_rate
[2026-03-28 18:25:29] INFO     network_features — Network features added: ['bytes_ratio', 'is_large_transfer', 'connection_rate']
[2026-03-28 18:29:09] INFO     auth_features — Building auth features on 125,973 rows...
[2026-03-28 18:29:09] INFO     auth_features — Computed auth_failure_rate
[2026-03-28 18:29:09] INFO     auth_features — Computed is_root_escalation — 0.14% of connections flagged
[2026-03-28 18:29:09] INFO     auth_features — Computed privilege_abuse_score
[2026-03-28 18:29:09] INFO     auth_features — Computed anomalous_login_flag — 0.94% of connections flagged
[2026-03-28 18:29:09] INFO     auth_features — Auth features added: ['auth_failure_rate', 'is_root_escalation', 'privilege_abuse_score', 'anomalous_login_flag']
[2026-03-28 18:29:09] INFO     auth_features — Building auth features on 22,544 rows...
[2026-03-28 18:29:09] INFO     auth_features — Computed auth_failure_rate
[2026-03-28 18:29:09] INFO     auth_features — Computed is_root_escalation — 0.25% of connections flagged
[2026-03-28 18:29:09] INFO     auth_features — Computed privilege_abuse_score
[2026-03-28 18:29:09] INFO     auth_features — Computed anomalous_login_flag — 2.89% of connections flagged
[2026-03-28 18:29:09] INFO     auth_features — Auth features added: ['auth_failure_rate', 'is_root_escalation', 'privilege_abuse_score', 'anomalous_login_flag']
[2026-03-28 18:30:40] INFO     session_features — Building session features on 125,973 rows...
[2026-03-28 18:30:40] INFO     session_features — Computed error_rate_combined
[2026-03-28 18:30:40] INFO     session_features — Computed service_diversity_score
[2026-03-28 18:30:40] INFO     session_features — Computed dst_host_suspicion_score
[2026-03-28 18:30:40] INFO     session_features — Computed same_service_ratio_delta
[2026-03-28 18:30:40] INFO     session_features — Session features added: ['error_rate_combined', 'service_diversity_score', 'dst_host_suspicion_score', 'same_service_ratio_delta']
[2026-03-28 18:30:40] INFO     session_features — Building session features on 22,544 rows...
[2026-03-28 18:30:40] INFO     session_features — Computed error_rate_combined
[2026-03-28 18:30:40] INFO     session_features — Computed service_diversity_score
[2026-03-28 18:30:40] INFO     session_features — Computed dst_host_suspicion_score
[2026-03-28 18:30:40] INFO     session_features — Computed same_service_ratio_delta
[2026-03-28 18:30:40] INFO     session_features — Session features added: ['error_rate_combined', 'service_diversity_score', 'dst_host_suspicion_score', 'same_service_ratio_delta']
[2026-03-28 18:39:47] INFO     file_features — Building file features on 125,973 rows...
[2026-03-28 18:39:47] INFO     file_features — Computed file_access_intensity
[2026-03-28 18:39:47] INFO     file_features — Computed is_suspicious_file_activity (creation>2, access>5) — 0.08% flagged
[2026-03-28 18:39:47] INFO     file_features — Computed access_to_creation_ratio (clipped at 99th pct=0.00)
[2026-03-28 18:39:47] INFO     file_features — Computed outbound_cmd_flag — 0.00% of connections flagged
[2026-03-28 18:39:47] INFO     file_features — File features added: ['file_access_intensity', 'is_suspicious_file_activity', 'access_to_creation_ratio', 'outbound_cmd_flag']
[2026-03-28 18:39:47] INFO     file_features — Building file features on 22,544 rows...
[2026-03-28 18:39:47] INFO     file_features — Computed file_access_intensity
[2026-03-28 18:39:47] INFO     file_features — Computed is_suspicious_file_activity (creation>2, access>5) — 0.07% flagged
[2026-03-28 18:39:47] INFO     file_features — Computed access_to_creation_ratio (clipped at 99th pct=0.00)
[2026-03-28 18:39:47] INFO     file_features — Computed outbound_cmd_flag — 0.00% of connections flagged
[2026-03-28 18:39:47] INFO     file_features — File features added: ['file_access_intensity', 'is_suspicious_file_activity', 'access_to_creation_ratio', 'outbound_cmd_flag']
[2026-03-28 18:41:01] INFO     peer_features — Building peer features on 125,973 rows...
[2026-03-28 18:41:01] INFO     peer_features — Computing peer group stats, grouping by 'protocol_type'...
[2026-03-28 18:41:01] INFO     peer_features — Peer stats computed for 6 features across 3 peer groups
[2026-03-28 18:41:01] INFO     peer_features — Computed peer_outlier_score — 0.0% of connections score above 0.5
[2026-03-28 18:41:01] INFO     peer_features — Computed bytes_above_peer_mean — 0.35% exceed 7.3x peer mean (proposal alert threshold)
[2026-03-28 18:41:01] INFO     peer_features — Peer features complete. New shape: (125973, 56)
[2026-03-28 18:41:01] INFO     peer_features — Building peer features on 22,544 rows...
[2026-03-28 18:41:01] INFO     peer_features — Computing peer group stats, grouping by 'protocol_type'...
[2026-03-28 18:41:01] INFO     peer_features — Peer stats computed for 6 features across 3 peer groups
[2026-03-28 18:41:01] INFO     peer_features — Computed peer_outlier_score — 0.0% of connections score above 0.5
[2026-03-28 18:41:01] INFO     peer_features — Computed bytes_above_peer_mean — 1.25% exceed 7.3x peer mean (proposal alert threshold)
[2026-03-28 18:41:01] INFO     peer_features — Peer features complete. New shape: (22544, 56)
[2026-03-28 18:42:32] INFO     genai_features — Building GenAI features on 125,973 rows...
[2026-03-28 18:42:32] INFO     genai_features — Computed api_call_pattern_score
[2026-03-28 18:42:32] INFO     genai_features — Computed data_exfil_proxy (99th pct clip=54540.00)
[2026-03-28 18:42:32] INFO     genai_features — Computed rapid_request_flag (threshold=50) — 39.7% flagged
[2026-03-28 18:42:32] INFO     genai_features — Computed genai_composite_score — 3.28% of connections score above 0.3
[2026-03-28 18:42:32] INFO     genai_features — GenAI features added: ['api_call_pattern_score', 'data_exfil_proxy', 'rapid_request_flag', 'genai_composite_score']
[2026-03-28 18:42:33] INFO     genai_features — Building GenAI features on 22,544 rows...
[2026-03-28 18:42:33] INFO     genai_features — Computed api_call_pattern_score
[2026-03-28 18:42:33] INFO     genai_features — Computed data_exfil_proxy (99th pct clip=54540.00)
[2026-03-28 18:42:33] INFO     genai_features — Computed rapid_request_flag (threshold=50) — 32.5% flagged
[2026-03-28 18:42:33] INFO     genai_features — Computed genai_composite_score — 6.43% of connections score above 0.3
[2026-03-28 18:42:33] INFO     genai_features — GenAI features added: ['api_call_pattern_score', 'data_exfil_proxy', 'rapid_request_flag', 'genai_composite_score']
[2026-03-28 18:43:25] INFO     feature_pipeline — Loading D:\behavioural-security-layer\data\processed\nslkdd_train_clean.csv
[2026-03-28 18:43:26] INFO     feature_pipeline — [train] Starting feature pipeline on 125,973 rows...
[2026-03-28 18:43:26] INFO     peer_features — Building peer features on 125,973 rows...
[2026-03-28 18:43:26] INFO     peer_features — Computing peer group stats, grouping by 'protocol_type'...
[2026-03-28 18:43:26] INFO     peer_features — Peer stats computed for 6 features across 3 peer groups
[2026-03-28 18:43:26] INFO     peer_features — Computed peer_outlier_score — 0.0% of connections score above 0.5
[2026-03-28 18:43:26] INFO     peer_features — Computed bytes_above_peer_mean — 0.35% exceed 7.3x peer mean (proposal alert threshold)
[2026-03-28 18:43:26] INFO     peer_features — Peer features complete. New shape: (125973, 56)
[2026-03-28 18:43:26] INFO     network_features — Building network features on 125,973 rows...
[2026-03-28 18:43:26] INFO     network_features — Encoded 'protocol_type' -> 3 unique values
[2026-03-28 18:43:26] INFO     network_features — Encoded 'service' -> 70 unique values
[2026-03-28 18:43:26] INFO     network_features — Encoded 'flag' -> 11 unique values
[2026-03-28 18:43:26] INFO     network_features — Computed bytes_ratio
[2026-03-28 18:43:26] INFO     network_features — Computed is_large_transfer (threshold=10000.0) — 1.9% of connections flagged
[2026-03-28 18:43:26] INFO     network_features — Computed connection_rate
[2026-03-28 18:43:26] INFO     network_features — Network features added: ['bytes_ratio', 'is_large_transfer', 'connection_rate']
[2026-03-28 18:43:26] INFO     auth_features — Building auth features on 125,973 rows...
[2026-03-28 18:43:26] INFO     auth_features — Computed auth_failure_rate
[2026-03-28 18:43:26] INFO     auth_features — Computed is_root_escalation — 0.14% of connections flagged
[2026-03-28 18:43:26] INFO     auth_features — Computed privilege_abuse_score
[2026-03-28 18:43:26] INFO     auth_features — Computed anomalous_login_flag — 0.94% of connections flagged
[2026-03-28 18:43:26] INFO     auth_features — Auth features added: ['auth_failure_rate', 'is_root_escalation', 'privilege_abuse_score', 'anomalous_login_flag']
[2026-03-28 18:43:26] INFO     session_features — Building session features on 125,973 rows...
[2026-03-28 18:43:26] INFO     session_features — Computed error_rate_combined
[2026-03-28 18:43:26] INFO     session_features — Computed service_diversity_score
[2026-03-28 18:43:26] INFO     session_features — Computed dst_host_suspicion_score
[2026-03-28 18:43:26] INFO     session_features — Computed same_service_ratio_delta
[2026-03-28 18:43:26] INFO     session_features — Session features added: ['error_rate_combined', 'service_diversity_score', 'dst_host_suspicion_score', 'same_service_ratio_delta']
[2026-03-28 18:43:26] INFO     file_features — Building file features on 125,973 rows...
[2026-03-28 18:43:26] INFO     file_features — Computed file_access_intensity
[2026-03-28 18:43:26] INFO     file_features — Computed is_suspicious_file_activity (creation>2, access>5) — 0.08% flagged
[2026-03-28 18:43:26] INFO     file_features — Computed access_to_creation_ratio (clipped at 99th pct=0.00)
[2026-03-28 18:43:26] INFO     file_features — Computed outbound_cmd_flag — 0.00% of connections flagged
[2026-03-28 18:43:26] INFO     file_features — File features added: ['file_access_intensity', 'is_suspicious_file_activity', 'access_to_creation_ratio', 'outbound_cmd_flag']
[2026-03-28 18:43:26] INFO     genai_features — Building GenAI features on 125,973 rows...
[2026-03-28 18:43:26] INFO     genai_features — Computed api_call_pattern_score
[2026-03-28 18:43:26] INFO     genai_features — Computed data_exfil_proxy (99th pct clip=54540.00)
[2026-03-28 18:43:26] INFO     genai_features — Computed rapid_request_flag (threshold=50) — 39.7% flagged
[2026-03-28 18:43:26] INFO     genai_features — Computed genai_composite_score — 3.28% of connections score above 0.3
[2026-03-28 18:43:26] INFO     genai_features — GenAI features added: ['api_call_pattern_score', 'data_exfil_proxy', 'rapid_request_flag', 'genai_composite_score']
[2026-03-28 18:43:26] INFO     feature_pipeline — [train] Dropped intermediate columns: ['src_bytes_peer_mean', 'dst_bytes_peer_mean', 'duration_peer_mean', 'num_failed_logins_peer_mean', 'count_peer_mean', 'srv_count_peer_mean']
[2026-03-28 18:43:26] INFO     feature_pipeline — [train] Feature pipeline complete. Final shape: (125973, 69)
[2026-03-28 18:43:26] INFO     feature_pipeline — [train] Total features: 68 + 1 label
[2026-03-28 18:43:26] INFO     validator — [train] Running validation on 125,973 rows...
[2026-03-28 18:43:26] INFO     validator — Required columns check: PASSED
[2026-03-28 18:43:26] INFO     validator — Null check: PASSED
[2026-03-28 18:43:26] INFO     validator — Label integrity check: PASSED — distribution: {0: 67343, 1: 58630}
[2026-03-28 18:43:26] INFO     validator — Non-negative check: PASSED
[2026-03-28 18:43:26] INFO     validator — [train] All validation checks PASSED
[2026-03-28 18:43:32] INFO     feature_pipeline — [train] Saved -> D:\behavioural-security-layer\data\processed\nslkdd_train_features.csv
[2026-03-28 18:43:32] INFO     feature_pipeline — Loading D:\behavioural-security-layer\data\processed\nslkdd_test_clean.csv
[2026-03-28 18:43:32] INFO     feature_pipeline — [test] Starting feature pipeline on 22,544 rows...
[2026-03-28 18:43:32] INFO     peer_features — Building peer features on 22,544 rows...
[2026-03-28 18:43:32] INFO     peer_features — Computing peer group stats, grouping by 'protocol_type'...
[2026-03-28 18:43:32] INFO     peer_features — Peer stats computed for 6 features across 3 peer groups
[2026-03-28 18:43:32] INFO     peer_features — Computed peer_outlier_score — 0.0% of connections score above 0.5
[2026-03-28 18:43:32] INFO     peer_features — Computed bytes_above_peer_mean — 1.25% exceed 7.3x peer mean (proposal alert threshold)
[2026-03-28 18:43:32] INFO     peer_features — Peer features complete. New shape: (22544, 56)
[2026-03-28 18:43:32] INFO     network_features — Building network features on 22,544 rows...
[2026-03-28 18:43:32] INFO     network_features — Encoded 'protocol_type' -> 3 unique values
[2026-03-28 18:43:32] INFO     network_features — Encoded 'service' -> 64 unique values
[2026-03-28 18:43:32] INFO     network_features — Encoded 'flag' -> 11 unique values
[2026-03-28 18:43:32] INFO     network_features — Computed bytes_ratio
[2026-03-28 18:43:32] INFO     network_features — Computed is_large_transfer (threshold=10000.0) — 5.2% of connections flagged
[2026-03-28 18:43:32] INFO     network_features — Computed connection_rate
[2026-03-28 18:43:32] INFO     network_features — Network features added: ['bytes_ratio', 'is_large_transfer', 'connection_rate']
[2026-03-28 18:43:32] INFO     auth_features — Building auth features on 22,544 rows...
[2026-03-28 18:43:32] INFO     auth_features — Computed auth_failure_rate
[2026-03-28 18:43:32] INFO     auth_features — Computed is_root_escalation — 0.25% of connections flagged
[2026-03-28 18:43:32] INFO     auth_features — Computed privilege_abuse_score
[2026-03-28 18:43:32] INFO     auth_features — Computed anomalous_login_flag — 2.89% of connections flagged
[2026-03-28 18:43:32] INFO     auth_features — Auth features added: ['auth_failure_rate', 'is_root_escalation', 'privilege_abuse_score', 'anomalous_login_flag']
[2026-03-28 18:43:32] INFO     session_features — Building session features on 22,544 rows...
[2026-03-28 18:43:32] INFO     session_features — Computed error_rate_combined
[2026-03-28 18:43:32] INFO     session_features — Computed service_diversity_score
[2026-03-28 18:43:32] INFO     session_features — Computed dst_host_suspicion_score
[2026-03-28 18:43:32] INFO     session_features — Computed same_service_ratio_delta
[2026-03-28 18:43:32] INFO     session_features — Session features added: ['error_rate_combined', 'service_diversity_score', 'dst_host_suspicion_score', 'same_service_ratio_delta']
[2026-03-28 18:43:32] INFO     file_features — Building file features on 22,544 rows...
[2026-03-28 18:43:32] INFO     file_features — Computed file_access_intensity
[2026-03-28 18:43:32] INFO     file_features — Computed is_suspicious_file_activity (creation>2, access>5) — 0.07% flagged
[2026-03-28 18:43:32] INFO     file_features — Computed access_to_creation_ratio (clipped at 99th pct=0.00)
[2026-03-28 18:43:32] INFO     file_features — Computed outbound_cmd_flag — 0.00% of connections flagged
[2026-03-28 18:43:32] INFO     file_features — File features added: ['file_access_intensity', 'is_suspicious_file_activity', 'access_to_creation_ratio', 'outbound_cmd_flag']
[2026-03-28 18:43:32] INFO     genai_features — Building GenAI features on 22,544 rows...
[2026-03-28 18:43:32] INFO     genai_features — Computed api_call_pattern_score
[2026-03-28 18:43:32] INFO     genai_features — Computed data_exfil_proxy (99th pct clip=54540.00)
[2026-03-28 18:43:32] INFO     genai_features — Computed rapid_request_flag (threshold=50) — 32.5% flagged
[2026-03-28 18:43:32] INFO     genai_features — Computed genai_composite_score — 6.43% of connections score above 0.3
[2026-03-28 18:43:32] INFO     genai_features — GenAI features added: ['api_call_pattern_score', 'data_exfil_proxy', 'rapid_request_flag', 'genai_composite_score']
[2026-03-28 18:43:32] INFO     feature_pipeline — [test] Dropped intermediate columns: ['src_bytes_peer_mean', 'dst_bytes_peer_mean', 'duration_peer_mean', 'num_failed_logins_peer_mean', 'count_peer_mean', 'srv_count_peer_mean']
[2026-03-28 18:43:32] INFO     feature_pipeline — [test] Feature pipeline complete. Final shape: (22544, 69)
[2026-03-28 18:43:32] INFO     feature_pipeline — [test] Total features: 68 + 1 label
[2026-03-28 18:43:32] INFO     validator — [test] Running validation on 22,544 rows...
[2026-03-28 18:43:32] INFO     validator — Required columns check: PASSED
[2026-03-28 18:43:32] INFO     validator — Null check: PASSED
[2026-03-28 18:43:32] INFO     validator — Label integrity check: PASSED — distribution: {1: 12833, 0: 9711}
[2026-03-28 18:43:32] INFO     validator — Non-negative check: PASSED
[2026-03-28 18:43:32] INFO     validator — [test] All validation checks PASSED
[2026-03-28 18:43:33] INFO     feature_pipeline — [test] Saved -> D:\behavioural-security-layer\data\processed\nslkdd_test_features.csv
[2026-03-31 18:51:43] INFO     clustering — Loading D:\behavioural-security-layer\data\processed\nslkdd_train_features.csv
[2026-03-31 18:51:45] INFO     clustering — Using 16 features for clustering
[2026-03-31 18:51:45] INFO     clustering — Fitted StandardScaler on clustering features
[2026-03-31 18:51:45] INFO     clustering — Scaler saved -> D:\behavioural-security-layer\data\metadata\cluster_scaler.pkl
[2026-03-31 18:51:45] INFO     clustering — Searching optimal k in range [3, 4, 5, 6, 7, 8, 9, 10, 11]...
[2026-03-31 18:52:16] INFO     clustering — Optimal k selected: 6 (silhouette=0.5212)
[2026-03-31 18:52:16] INFO     clustering — Using k=6
[2026-03-31 18:52:16] INFO     clustering — Fitting K-Means with k=6 on 125,973 samples...
[2026-03-31 18:52:18] INFO     clustering — K-Means fitting complete
[2026-03-31 18:52:18] INFO     clustering — KMeans model saved -> D:\behavioural-security-layer\data\metadata\kmeans_model.pkl
[2026-03-31 18:52:18] INFO     clustering — Cluster profiles built for 6 clusters
[2026-03-31 18:52:18] INFO     clustering — Profiles saved -> D:\behavioural-security-layer\data\metadata\cluster_profiles.csv
[2026-03-31 18:52:18] INFO     clustering — 
Cluster summary:
[2026-03-31 18:52:18] INFO     clustering —   Cluster  0 | size= 72,414 ( 57.5%) | attack_rate=  15.4%
[2026-03-31 18:52:18] INFO     clustering —   Cluster  1 | size= 41,705 ( 33.1%) | attack_rate=  99.0%
[2026-03-31 18:52:18] INFO     clustering —   Cluster  2 | size=      4 (  0.0%) | attack_rate= 100.0%
[2026-03-31 18:52:18] INFO     clustering —   Cluster  3 | size=  5,298 (  4.2%) | attack_rate=  40.5%
[2026-03-31 18:52:18] INFO     clustering —   Cluster  4 | size=  1,135 (  0.9%) | attack_rate=  71.7%
[2026-03-31 18:52:18] INFO     clustering —   Cluster  5 | size=  5,417 (  4.3%) | attack_rate=  59.9%
[2026-03-31 18:52:18] INFO     clustering — Loading D:\behavioural-security-layer\data\processed\nslkdd_test_features.csv
[2026-03-31 18:52:19] INFO     clustering — Using 16 features for clustering
[2026-03-31 18:52:19] INFO     clustering — Clusters assigned to test split. Distribution:
cluster
0    14950
1     4617
3     1038
4       14
5     1925
[2026-03-31 19:00:25] INFO     baseline_model — Running baseline model on 125,973 rows...
[2026-03-31 19:00:25] INFO     baseline_model — Cluster  0 baseline computed ( 72,414 samples, 16 features)
[2026-03-31 19:00:25] INFO     baseline_model — Cluster  1 baseline computed ( 41,705 samples, 16 features)
[2026-03-31 19:00:25] INFO     baseline_model — Cluster  2 baseline computed (      4 samples, 16 features)
[2026-03-31 19:00:25] INFO     baseline_model — Cluster  3 baseline computed (  5,298 samples, 16 features)
[2026-03-31 19:00:25] INFO     baseline_model — Cluster  4 baseline computed (  1,135 samples, 16 features)
[2026-03-31 19:00:25] INFO     baseline_model — Cluster  5 baseline computed (  5,417 samples, 16 features)
[2026-03-31 19:00:25] INFO     baseline_model — Computing rolling baseline for window=7...
[2026-03-31 19:00:25] WARNING  baseline_model — Cluster 2 has only 4 samples — less than window=7, using all available
[2026-03-31 19:00:26] INFO     baseline_model — Computing rolling baseline for window=30...
[2026-03-31 19:00:26] WARNING  baseline_model — Cluster 2 has only 4 samples — less than window=30, using all available
[2026-03-31 19:00:26] INFO     baseline_model — Computing rolling baseline for window=90...
[2026-03-31 19:00:26] WARNING  baseline_model — Cluster 2 has only 4 samples — less than window=90, using all available
[2026-03-31 19:00:26] INFO     baseline_model — Rolling baselines computed for windows: [7, 30, 90]
[2026-03-31 19:00:26] INFO     baseline_model — Dynamic thresholds computed (k=3.0) for 6 clusters
[2026-03-31 19:00:26] INFO     baseline_model — Baselines saved -> D:\behavioural-security-layer\data\metadata\cluster_baselines.pkl
[2026-03-31 19:49:05] INFO     test - Unicode fix -> works
[2026-03-31 19:57:59] INFO     load_cert - Loading logon.csv (nrows=50000)...
[2026-03-31 19:58:00] INFO     load_cert - Logon loaded: 50,000 rows | after-hours: 6.4%
[2026-03-31 19:58:00] INFO     load_cert - Loading device.csv (nrows=50000)...
[2026-03-31 19:58:00] INFO     load_cert - Device loaded: 50,000 rows | connect events: 25,110
[2026-03-31 19:58:00] INFO     load_cert - Loading file.csv (nrows=50000)...
[2026-03-31 19:58:01] INFO     load_cert - File loaded: 50,000 rows | exfil attempts: 6,692 | executables: 629
[2026-03-31 19:58:01] INFO     load_cert - Loading users.csv...
[2026-03-31 19:58:01] INFO     load_cert - Users loaded: 4,000 employees | roles: ['ITAdmin', 'ProductionLineWorker', 'MechanicalEngineer', 'Manager', 'MaterialsEngineer', 'ComputerScientist', 'SystemsEngineer', 'HardwareEngineer', 'SecurityGuard', 'Technician', 'StockroomClerk', 'Scientist', 'ChiefEngineer', 'Mathematician', 'ElectricalEngineer', 'Physicist', 'TechnicalWriter', 'FieldServiceEngineer', 'Salesman', 'WebDeveloper', 'SoftwareQualityEngineer', 'Supervisor', 'TestEngineer', 'PurchasingClerk', 'AdministrativeAssistant', 'ProjectManager', 'ComputerProgrammer', 'SoftwareEngineer', 'NursePractitioner', 'Director', 'Engineer', 'SoftwareDeveloper', 'VicePresident', 'IndustrialEngineer', 'Statistician', 'Nurse', 'Economist', 'HumanResourceSpecialist', 'LabManager', 'InstructionalCoordinator', 'President', 'FinancialAnalyst', 'Attorney', 'HealthSafetyEngineer', 'AdministrativeStaff', 'Accountant']
[2026-03-31 19:58:01] INFO     load_cert - Loading psychometric.csv...
[2026-03-31 19:58:01] INFO     load_cert - Psychometric loaded: 4,000 employees | mean risk score: 0.496
[2026-03-31 19:58:01] INFO     load_cert - Loading decoy_file.csv...
[2026-03-31 19:58:28] INFO     drift_detection - Running ADWIN drift detection on 125,973 rows, 16 features (delta=0.002)...
[2026-03-31 19:58:30] INFO     drift_detection -   duration                            drift points: 95037
[2026-03-31 19:58:30] INFO     drift_detection -   src_bytes                           drift points: 125289
[2026-03-31 19:58:30] INFO     drift_detection -   dst_bytes                           drift points: 125877
[2026-03-31 19:58:31] INFO     drift_detection -   count                               drift points: 122767
[2026-03-31 19:58:31] INFO     drift_detection -   srv_count                           drift points: 113768
[2026-03-31 20:53:18] INFO     drift_detection - Running drift detection on 125,973 rows, 16 features (window=500, threshold=3.0std)...
[2026-03-31 20:53:18] INFO     drift_detection -   duration                            drift points:  1,465
[2026-03-31 20:53:18] INFO     drift_detection -   src_bytes                           drift points:    616
[2026-03-31 20:53:18] INFO     drift_detection -   dst_bytes                           drift points:  1,404
[2026-03-31 20:53:18] INFO     drift_detection -   count                               drift points:  2,621
[2026-03-31 20:53:18] INFO     drift_detection -   srv_count                           drift points:  3,355
[2026-03-31 20:53:18] INFO     drift_detection -   rerror_rate                         drift points:  1,062
[2026-03-31 20:53:18] INFO     drift_detection -   diff_srv_rate                       drift points:  4,348
[2026-03-31 20:53:18] INFO     drift_detection -   bytes_ratio                         drift points:    579
[2026-03-31 20:53:18] INFO     drift_detection -   connection_rate                     drift points:  2,249
[2026-03-31 20:53:18] INFO     drift_detection -   peer_outlier_score                  drift points:  2,313
[2026-03-31 20:53:18] INFO     drift_detection - Drift detection complete - 12,647 rows flagged (10.04%)
[2026-03-31 20:53:18] INFO     drift_detection - Running cluster-level drift detection (window=1000)...
[2026-03-31 20:53:18] INFO     drift_detection -   Cluster 0 | size=72,414 | baseline=0.154 | drift windows: 0
[2026-03-31 20:53:18] INFO     drift_detection -   Cluster 1 | size=41,705 | baseline=0.990 | drift windows: 0
[2026-03-31 20:53:18] WARNING  drift_detection - Cluster 2: only 4 rows - skipping
[2026-03-31 20:53:19] INFO     drift_detection -   Cluster 3 | size= 5,298 | baseline=0.404 | drift windows: 0
[2026-03-31 20:53:19] INFO     drift_detection -   Cluster 4 | size= 1,135 | baseline=0.717 | drift windows: 0
[2026-03-31 20:53:19] INFO     drift_detection -   Cluster 5 | size= 5,417 | baseline=0.599 | drift windows: 0
[2026-03-31 21:24:54] INFO     load_cert - Loading logon.csv (nrows=50000)...
[2026-03-31 21:24:54] INFO     load_cert - Logon loaded: 50,000 rows | after-hours: 6.4%
[2026-03-31 21:24:54] INFO     load_cert - Loading device.csv (nrows=50000)...
[2026-03-31 21:24:55] INFO     load_cert - Device loaded: 50,000 rows | connect events: 25,110
[2026-03-31 21:24:55] INFO     load_cert - Loading file.csv (nrows=50000)...
[2026-03-31 21:24:56] INFO     load_cert - File loaded: 50,000 rows | exfil attempts: 6,692 | executables: 629
[2026-03-31 21:24:56] INFO     load_cert - Loading users.csv...
[2026-03-31 21:24:56] INFO     load_cert - Users loaded: 4,000 employees | roles: ['ITAdmin', 'ProductionLineWorker', 'MechanicalEngineer', 'Manager', 'MaterialsEngineer', 'ComputerScientist', 'SystemsEngineer', 'HardwareEngineer', 'SecurityGuard', 'Technician', 'StockroomClerk', 'Scientist', 'ChiefEngineer', 'Mathematician', 'ElectricalEngineer', 'Physicist', 'TechnicalWriter', 'FieldServiceEngineer', 'Salesman', 'WebDeveloper', 'SoftwareQualityEngineer', 'Supervisor', 'TestEngineer', 'PurchasingClerk', 'AdministrativeAssistant', 'ProjectManager', 'ComputerProgrammer', 'SoftwareEngineer', 'NursePractitioner', 'Director', 'Engineer', 'SoftwareDeveloper', 'VicePresident', 'IndustrialEngineer', 'Statistician', 'Nurse', 'Economist', 'HumanResourceSpecialist', 'LabManager', 'InstructionalCoordinator', 'President', 'FinancialAnalyst', 'Attorney', 'HealthSafetyEngineer', 'AdministrativeStaff', 'Accountant']
[2026-03-31 21:24:56] INFO     load_cert - Loading psychometric.csv...
[2026-03-31 21:24:56] INFO     load_cert - Psychometric loaded: 4,000 employees | mean risk score: 0.496
[2026-03-31 21:24:56] INFO     load_cert - Loading decoy_file.csv...
[2026-03-31 21:24:56] INFO     load_cert - Decoy loaded: 31,095 guaranteed malicious events | columns: ['decoy_filename', 'pc', 'is_malicious']
[2026-03-31 21:24:56] INFO     load_cert - Loading LDAP monthly files...
[2026-03-31 21:24:57] INFO     load_cert - LDAP loaded: 68,923 records across 18 months
[2026-03-31 21:24:57] INFO     load_cert - User master built: 4,000 employees, 20 columns
[2026-03-31 21:24:57] INFO     load_cert - Saved cert_user_master.csv
[2026-03-31 21:25:09] INFO     drift_detection - Running drift detection on 125,973 rows, 16 features (window=500, threshold=3.0std)...
[2026-03-31 21:25:09] INFO     drift_detection -   duration                            drift points:  1,465
[2026-03-31 21:25:09] INFO     drift_detection -   src_bytes                           drift points:    616
[2026-03-31 21:25:09] INFO     drift_detection -   dst_bytes                           drift points:  1,404
[2026-03-31 21:25:09] INFO     drift_detection -   count                               drift points:  2,621
[2026-03-31 21:25:09] INFO     drift_detection -   srv_count                           drift points:  3,355
[2026-03-31 21:25:09] INFO     drift_detection -   rerror_rate                         drift points:  1,062
[2026-03-31 21:25:09] INFO     drift_detection -   diff_srv_rate                       drift points:  4,348
[2026-03-31 21:25:09] INFO     drift_detection -   bytes_ratio                         drift points:    579
[2026-03-31 21:25:09] INFO     drift_detection -   connection_rate                     drift points:  2,249
[2026-03-31 21:25:09] INFO     drift_detection -   peer_outlier_score                  drift points:  2,313
[2026-03-31 21:25:10] INFO     drift_detection - Drift detection complete - 12,647 rows flagged (10.04%)
[2026-03-31 21:25:10] INFO     drift_detection - Running cluster-level drift detection (window=1000)...
[2026-03-31 21:25:10] INFO     drift_detection -   Cluster 0 | size=72,414 | baseline=0.154 | drift windows: 0
[2026-03-31 21:25:10] INFO     drift_detection -   Cluster 1 | size=41,705 | baseline=0.990 | drift windows: 0
[2026-03-31 21:25:10] WARNING  drift_detection - Cluster 2: only 4 rows - skipping
[2026-03-31 21:25:10] INFO     drift_detection -   Cluster 3 | size= 5,298 | baseline=0.404 | drift windows: 0
[2026-03-31 21:25:10] INFO     drift_detection -   Cluster 4 | size= 1,135 | baseline=0.717 | drift windows: 0
[2026-03-31 21:25:10] INFO     drift_detection -   Cluster 5 | size= 5,417 | baseline=0.599 | drift windows: 0
[2026-03-31 21:27:28] INFO     drift_detection - Running drift detection on 125,973 rows, 16 features (window=500, threshold=3.0std)...
[2026-03-31 21:27:28] INFO     drift_detection -   duration                            drift points:  1,465
[2026-03-31 21:27:28] INFO     drift_detection -   src_bytes                           drift points:    616
[2026-03-31 21:27:28] INFO     drift_detection -   dst_bytes                           drift points:  1,404
[2026-03-31 21:27:28] INFO     drift_detection -   count                               drift points:  2,621
[2026-03-31 21:27:28] INFO     drift_detection -   srv_count                           drift points:  3,355
[2026-03-31 21:27:28] INFO     drift_detection -   rerror_rate                         drift points:  1,062
[2026-03-31 21:27:28] INFO     drift_detection -   diff_srv_rate                       drift points:  4,348
[2026-03-31 21:27:28] INFO     drift_detection -   bytes_ratio                         drift points:    579
[2026-03-31 21:27:28] INFO     drift_detection -   connection_rate                     drift points:  2,249
[2026-03-31 21:27:28] INFO     drift_detection -   peer_outlier_score                  drift points:  2,313
[2026-03-31 21:27:28] INFO     drift_detection - Drift detection complete - 12,647 rows flagged (10.04%)
[2026-03-31 21:27:28] INFO     context_adjuster - Baselines loaded successfully
[2026-03-31 21:27:28] INFO     context_adjuster - Running context adjustment on 125,973 rows...
[2026-03-31 21:29:24] INFO     context_adjuster - Context adjustment complete - 52 rows scored above 0.5 (0.0%)
[2026-03-31 21:29:31] INFO     context_adjuster - Saved -> D:\behavioural-security-layer\data\processed\nslkdd_train_context.csv
